build/app/intermediates/manifest_merge_blame_file/debug/manifest-merger-blame-debug-report.txt
1<?xml version="1.0" encoding="utf-8"?>
2<manifest xmlns:android="http://schemas.android.com/apk/res/android"
3    package="com.myapp.vpnapp"
4    android:versionCode="1"
5    android:versionName="1.0.0" >
6
7    <uses-sdk
8        android:minSdkVersion="21"
9        android:targetSdkVersion="33" />
10    <!--
11         Flutter needs it to communicate with the running application
12         to allow setting breakpoints, to provide hot reload, etc.
13    -->
14    <uses-permission android:name="android.permission.INTERNET" />
14-->src\main\AndroidManifest.xml:5:5-67
14-->src\main\AndroidManifest.xml:5:22-64
15    <uses-permission android:name="android.permission.ACCESS_NETWORK_STATE" />
15-->src\main\AndroidManifest.xml:6:5-79
15-->src\main\AndroidManifest.xml:6:22-76
16    <uses-permission android:name="android.permission.FOREGROUND_SERVICE" />
16-->src\main\AndroidManifest.xml:7:5-77
16-->src\main\AndroidManifest.xml:7:22-74
17    <uses-permission android:name="android.permission.WAKE_LOCK" /> <!-- Ads Permission for Android 12 or higher -->
17-->src\main\AndroidManifest.xml:8:5-68
17-->src\main\AndroidManifest.xml:8:22-65
18    <uses-permission android:name="com.google.android.gms.permission.AD_ID" />
18-->src\main\AndroidManifest.xml:11:5-78
18-->src\main\AndroidManifest.xml:11:22-76
19    <uses-permission android:name="android.permission.RECEIVE_BOOT_COMPLETED" />
19-->[androidx.work:work-runtime:2.7.0] AndroidManifest.xml:27:5-81
19-->[androidx.work:work-runtime:2.7.0] AndroidManifest.xml:27:22-78
20
21    <application
22        android:name="android.app.Application"
23        android:appComponentFactory="androidx.core.app.CoreComponentFactory"
23-->[androidx.core:core:1.6.0] AndroidManifest.xml:24:18-86
24        android:debuggable="true"
25        android:icon="@mipmap/logo"
26        android:label="Free VPN" >
27
28        <!-- For Ads -->
29        <meta-data
30            android:name="com.google.android.gms.ads.APPLICATION_ID"
31            android:value="ca-app-pub-3940256099942544~3347511713" />
32
33        <activity
34            android:name="com.myapp.vpnapp.MainActivity"
35            android:configChanges="orientation|keyboardHidden|keyboard|screenSize|smallestScreenSize|locale|layoutDirection|fontScale|screenLayout|density|uiMode"
36            android:exported="true"
37            android:hardwareAccelerated="true"
38            android:launchMode="singleTop"
39            android:theme="@style/LaunchTheme"
40            android:windowSoftInputMode="adjustResize" >
41            <meta-data
42                android:name="io.flutter.embedding.android.NormalTheme"
43                android:resource="@style/NormalTheme" />
44
45            <intent-filter>
46                <action android:name="android.intent.action.MAIN" />
47
48                <category android:name="android.intent.category.LAUNCHER" />
49            </intent-filter>
50        </activity>
51
52        <meta-data
53            android:name="flutterEmbedding"
54            android:value="2" />
55
56        <activity
57            android:name="de.blinkt.openvpn.DisconnectVPNActivity"
58            android:excludeFromRecents="true"
59            android:exported="false"
60            android:noHistory="true"
61            android:taskAffinity=".DisconnectVPN"
62            android:theme="@style/blinkt.dialog" />
63
64        <service
65            android:name="de.blinkt.openvpn.core.OpenVPNService"
66            android:exported="true"
67            android:permission="android.permission.BIND_VPN_SERVICE" >
68            <intent-filter>
69                <action android:name="android.net.VpnService" />
70            </intent-filter>
71        </service>
72
73        <provider
73-->[androidx.work:work-runtime:2.7.0] AndroidManifest.xml:31:9-39:20
74            android:name="androidx.startup.InitializationProvider"
74-->[androidx.work:work-runtime:2.7.0] AndroidManifest.xml:32:13-67
75            android:authorities="com.myapp.vpnapp.androidx-startup"
75-->[androidx.work:work-runtime:2.7.0] AndroidManifest.xml:33:13-68
76            android:exported="false" >
76-->[androidx.work:work-runtime:2.7.0] AndroidManifest.xml:34:13-37
77            <meta-data
77-->[androidx.work:work-runtime:2.7.0] AndroidManifest.xml:36:13-38:52
78                android:name="androidx.work.WorkManagerInitializer"
78-->[androidx.work:work-runtime:2.7.0] AndroidManifest.xml:37:17-68
79                android:value="androidx.startup" />
79-->[androidx.work:work-runtime:2.7.0] AndroidManifest.xml:38:17-49
80        </provider>
81
82        <service
82-->[androidx.work:work-runtime:2.7.0] AndroidManifest.xml:41:9-46:35
83            android:name="androidx.work.impl.background.systemalarm.SystemAlarmService"
83-->[androidx.work:work-runtime:2.7.0] AndroidManifest.xml:42:13-88
84            android:directBootAware="false"
84-->[androidx.work:work-runtime:2.7.0] AndroidManifest.xml:43:13-44
85            android:enabled="@bool/enable_system_alarm_service_default"
85-->[androidx.work:work-runtime:2.7.0] AndroidManifest.xml:44:13-72
86            android:exported="false" />
86-->[androidx.work:work-runtime:2.7.0] AndroidManifest.xml:45:13-37
87        <service
87-->[androidx.work:work-runtime:2.7.0] AndroidManifest.xml:47:9-53:35
88            android:name="androidx.work.impl.background.systemjob.SystemJobService"
88-->[androidx.work:work-runtime:2.7.0] AndroidManifest.xml:48:13-84
89            android:directBootAware="false"
89-->[androidx.work:work-runtime:2.7.0] AndroidManifest.xml:49:13-44
90            android:enabled="@bool/enable_system_job_service_default"
90-->[androidx.work:work-runtime:2.7.0] AndroidManifest.xml:50:13-70
91            android:exported="true"
91-->[androidx.work:work-runtime:2.7.0] AndroidManifest.xml:51:13-36
92            android:permission="android.permission.BIND_JOB_SERVICE" />
92-->[androidx.work:work-runtime:2.7.0] AndroidManifest.xml:52:13-69
93        <service
93-->[androidx.work:work-runtime:2.7.0] AndroidManifest.xml:54:9-59:35
94            android:name="androidx.work.impl.foreground.SystemForegroundService"
94-->[androidx.work:work-runtime:2.7.0] AndroidManifest.xml:55:13-81
95            android:directBootAware="false"
95-->[androidx.work:work-runtime:2.7.0] AndroidManifest.xml:56:13-44
96            android:enabled="@bool/enable_system_foreground_service_default"
96-->[androidx.work:work-runtime:2.7.0] AndroidManifest.xml:57:13-77
97            android:exported="false" />
97-->[androidx.work:work-runtime:2.7.0] AndroidManifest.xml:58:13-37
98
99        <receiver
99-->[androidx.work:work-runtime:2.7.0] AndroidManifest.xml:61:9-66:35
100            android:name="androidx.work.impl.utils.ForceStopRunnable$BroadcastReceiver"
100-->[androidx.work:work-runtime:2.7.0] AndroidManifest.xml:62:13-88
101            android:directBootAware="false"
101-->[androidx.work:work-runtime:2.7.0] AndroidManifest.xml:63:13-44
102            android:enabled="true"
102-->[androidx.work:work-runtime:2.7.0] AndroidManifest.xml:64:13-35
103            android:exported="false" />
103-->[androidx.work:work-runtime:2.7.0] AndroidManifest.xml:65:13-37
104        <receiver
104-->[androidx.work:work-runtime:2.7.0] AndroidManifest.xml:67:9-77:20
105            android:name="androidx.work.impl.background.systemalarm.ConstraintProxy$BatteryChargingProxy"
105-->[androidx.work:work-runtime:2.7.0] AndroidManifest.xml:68:13-106
106            android:directBootAware="false"
106-->[androidx.work:work-runtime:2.7.0] AndroidManifest.xml:69:13-44
107            android:enabled="false"
107-->[androidx.work:work-runtime:2.7.0] AndroidManifest.xml:70:13-36
108            android:exported="false" >
108-->[androidx.work:work-runtime:2.7.0] AndroidManifest.xml:71:13-37
109            <intent-filter>
109-->[androidx.work:work-runtime:2.7.0] AndroidManifest.xml:73:13-76:29
110                <action android:name="android.intent.action.ACTION_POWER_CONNECTED" />
110-->[androidx.work:work-runtime:2.7.0] AndroidManifest.xml:74:17-87
110-->[androidx.work:work-runtime:2.7.0] AndroidManifest.xml:74:25-84
111                <action android:name="android.intent.action.ACTION_POWER_DISCONNECTED" />
111-->[androidx.work:work-runtime:2.7.0] AndroidManifest.xml:75:17-90
111-->[androidx.work:work-runtime:2.7.0] AndroidManifest.xml:75:25-87
112            </intent-filter>
113        </receiver>
114        <receiver
114-->[androidx.work:work-runtime:2.7.0] AndroidManifest.xml:78:9-88:20
115            android:name="androidx.work.impl.background.systemalarm.ConstraintProxy$BatteryNotLowProxy"
115-->[androidx.work:work-runtime:2.7.0] AndroidManifest.xml:79:13-104
116            android:directBootAware="false"
116-->[androidx.work:work-runtime:2.7.0] AndroidManifest.xml:80:13-44
117            android:enabled="false"
117-->[androidx.work:work-runtime:2.7.0] AndroidManifest.xml:81:13-36
118            android:exported="false" >
118-->[androidx.work:work-runtime:2.7.0] AndroidManifest.xml:82:13-37
119            <intent-filter>
119-->[androidx.work:work-runtime:2.7.0] AndroidManifest.xml:84:13-87:29
120                <action android:name="android.intent.action.BATTERY_OKAY" />
120-->[androidx.work:work-runtime:2.7.0] AndroidManifest.xml:85:17-77
120-->[androidx.work:work-runtime:2.7.0] AndroidManifest.xml:85:25-74
121                <action android:name="android.intent.action.BATTERY_LOW" />
121-->[androidx.work:work-runtime:2.7.0] AndroidManifest.xml:86:17-76
121-->[androidx.work:work-runtime:2.7.0] AndroidManifest.xml:86:25-73
122            </intent-filter>
123        </receiver>
124        <receiver
124-->[androidx.work:work-runtime:2.7.0] AndroidManifest.xml:89:9-99:20
125            android:name="androidx.work.impl.background.systemalarm.ConstraintProxy$StorageNotLowProxy"
125-->[androidx.work:work-runtime:2.7.0] AndroidManifest.xml:90:13-104
126            android:directBootAware="false"
126-->[androidx.work:work-runtime:2.7.0] AndroidManifest.xml:91:13-44
127            android:enabled="false"
127-->[androidx.work:work-runtime:2.7.0] AndroidManifest.xml:92:13-36
128            android:exported="false" >
128-->[androidx.work:work-runtime:2.7.0] AndroidManifest.xml:93:13-37
129            <intent-filter>
129-->[androidx.work:work-runtime:2.7.0] AndroidManifest.xml:95:13-98:29
130                <action android:name="android.intent.action.DEVICE_STORAGE_LOW" />
130-->[androidx.work:work-runtime:2.7.0] AndroidManifest.xml:96:17-83
130-->[androidx.work:work-runtime:2.7.0] AndroidManifest.xml:96:25-80
131                <action android:name="android.intent.action.DEVICE_STORAGE_OK" />
131-->[androidx.work:work-runtime:2.7.0] AndroidManifest.xml:97:17-82
131-->[androidx.work:work-runtime:2.7.0] AndroidManifest.xml:97:25-79
132            </intent-filter>
133        </receiver>
134        <receiver
134-->[androidx.work:work-runtime:2.7.0] AndroidManifest.xml:100:9-109:20
135            android:name="androidx.work.impl.background.systemalarm.ConstraintProxy$NetworkStateProxy"
135-->[androidx.work:work-runtime:2.7.0] AndroidManifest.xml:101:13-103
136            android:directBootAware="false"
136-->[androidx.work:work-runtime:2.7.0] AndroidManifest.xml:102:13-44
137            android:enabled="false"
137-->[androidx.work:work-runtime:2.7.0] AndroidManifest.xml:103:13-36
138            android:exported="false" >
138-->[androidx.work:work-runtime:2.7.0] AndroidManifest.xml:104:13-37
139            <intent-filter>
139-->[androidx.work:work-runtime:2.7.0] AndroidManifest.xml:106:13-108:29
140                <action android:name="android.net.conn.CONNECTIVITY_CHANGE" />
140-->[androidx.work:work-runtime:2.7.0] AndroidManifest.xml:107:17-79
140-->[androidx.work:work-runtime:2.7.0] AndroidManifest.xml:107:25-76
141            </intent-filter>
142        </receiver>
143        <receiver
143-->[androidx.work:work-runtime:2.7.0] AndroidManifest.xml:110:9-121:20
144            android:name="androidx.work.impl.background.systemalarm.RescheduleReceiver"
144-->[androidx.work:work-runtime:2.7.0] AndroidManifest.xml:111:13-88
145            android:directBootAware="false"
145-->[androidx.work:work-runtime:2.7.0] AndroidManifest.xml:112:13-44
146            android:enabled="false"
146-->[androidx.work:work-runtime:2.7.0] AndroidManifest.xml:113:13-36
147            android:exported="false" >
147-->[androidx.work:work-runtime:2.7.0] AndroidManifest.xml:114:13-37
148            <intent-filter>
148-->[androidx.work:work-runtime:2.7.0] AndroidManifest.xml:116:13-120:29
149                <action android:name="android.intent.action.BOOT_COMPLETED" />
149-->[androidx.work:work-runtime:2.7.0] AndroidManifest.xml:117:17-79
149-->[androidx.work:work-runtime:2.7.0] AndroidManifest.xml:117:25-76
150                <action android:name="android.intent.action.TIME_SET" />
150-->[androidx.work:work-runtime:2.7.0] AndroidManifest.xml:118:17-73
150-->[androidx.work:work-runtime:2.7.0] AndroidManifest.xml:118:25-70
151                <action android:name="android.intent.action.TIMEZONE_CHANGED" />
151-->[androidx.work:work-runtime:2.7.0] AndroidManifest.xml:119:17-81
151-->[androidx.work:work-runtime:2.7.0] AndroidManifest.xml:119:25-78
152            </intent-filter>
153        </receiver>
154        <receiver
154-->[androidx.work:work-runtime:2.7.0] AndroidManifest.xml:122:9-131:20
155            android:name="androidx.work.impl.background.systemalarm.ConstraintProxyUpdateReceiver"
155-->[androidx.work:work-runtime:2.7.0] AndroidManifest.xml:123:13-99
156            android:directBootAware="false"
156-->[androidx.work:work-runtime:2.7.0] AndroidManifest.xml:124:13-44
157            android:enabled="@bool/enable_system_alarm_service_default"
157-->[androidx.work:work-runtime:2.7.0] AndroidManifest.xml:125:13-72
158            android:exported="false" >
158-->[androidx.work:work-runtime:2.7.0] AndroidManifest.xml:126:13-37
159            <intent-filter>
159-->[androidx.work:work-runtime:2.7.0] AndroidManifest.xml:128:13-130:29
160                <action android:name="androidx.work.impl.background.systemalarm.UpdateProxies" />
160-->[androidx.work:work-runtime:2.7.0] AndroidManifest.xml:129:17-98
160-->[androidx.work:work-runtime:2.7.0] AndroidManifest.xml:129:25-95
161            </intent-filter>
162        </receiver>
163        <receiver
163-->[androidx.work:work-runtime:2.7.0] AndroidManifest.xml:132:9-142:20
164            android:name="androidx.work.impl.diagnostics.DiagnosticsReceiver"
164-->[androidx.work:work-runtime:2.7.0] AndroidManifest.xml:133:13-78
165            android:directBootAware="false"
165-->[androidx.work:work-runtime:2.7.0] AndroidManifest.xml:134:13-44
166            android:enabled="true"
166-->[androidx.work:work-runtime:2.7.0] AndroidManifest.xml:135:13-35
167            android:exported="true"
167-->[androidx.work:work-runtime:2.7.0] AndroidManifest.xml:136:13-36
168            android:permission="android.permission.DUMP" >
168-->[androidx.work:work-runtime:2.7.0] AndroidManifest.xml:137:13-57
169            <intent-filter>
169-->[androidx.work:work-runtime:2.7.0] AndroidManifest.xml:139:13-141:29
170                <action android:name="androidx.work.diagnostics.REQUEST_DIAGNOSTICS" />
170-->[androidx.work:work-runtime:2.7.0] AndroidManifest.xml:140:17-88
170-->[androidx.work:work-runtime:2.7.0] AndroidManifest.xml:140:25-85
171            </intent-filter>
172        </receiver>
173
174        <uses-library
174-->[androidx.window:window:1.0.0-beta04] AndroidManifest.xml:25:9-27:40
175            android:name="androidx.window.extensions"
175-->[androidx.window:window:1.0.0-beta04] AndroidManifest.xml:26:13-54
176            android:required="false" />
176-->[androidx.window:window:1.0.0-beta04] AndroidManifest.xml:27:13-37
177        <uses-library
177-->[androidx.window:window:1.0.0-beta04] AndroidManifest.xml:28:9-30:40
178            android:name="androidx.window.sidecar"
178-->[androidx.window:window:1.0.0-beta04] AndroidManifest.xml:29:13-51
179            android:required="false" />
179-->[androidx.window:window:1.0.0-beta04] AndroidManifest.xml:30:13-37
180
181        <service
181-->[androidx.room:room-runtime:2.2.5] AndroidManifest.xml:25:9-28:40
182            android:name="androidx.room.MultiInstanceInvalidationService"
182-->[androidx.room:room-runtime:2.2.5] AndroidManifest.xml:26:13-74
183            android:directBootAware="true"
183-->[androidx.room:room-runtime:2.2.5] AndroidManifest.xml:27:13-43
184            android:exported="false" />
184-->[androidx.room:room-runtime:2.2.5] AndroidManifest.xml:28:13-37
185    </application>
186
187</manifest>